TN:
SF:src/config/auth.ts
FNF:0
FNH:0
DA:1,1
LF:1
LH:1
BRF:0
BRH:0
end_of_record
TN:
SF:src/modules/appointments/infra/typeorm/entities/Appointment.ts
FN:14,(anonymous_3)
FN:21,(anonymous_5)
FNF:2
FNH:1
FNDA:3,(anonymous_3)
FNDA:0,(anonymous_5)
DA:1,1
DA:11,1
DA:14,1
DA:16,1
DA:19,1
DA:21,0
DA:23,1
DA:26,1
DA:29,1
DA:32,1
DA:33,1
DA:35,1
LF:12
LH:11
BRF:0
BRH:0
end_of_record
TN:
SF:src/modules/appointments/repositories/fakes/FakeAppointmentsRepository.ts
FN:8,(anonymous_14)
FN:11,(anonymous_16)
FN:12,(anonymous_19)
FN:19,(anonymous_20)
FNF:4
FNH:4
FNDA:3,(anonymous_14)
FNDA:3,(anonymous_16)
FNDA:1,(anonymous_19)
FNDA:2,(anonymous_20)
DA:1,1
DA:2,1
DA:5,1
DA:8,1
DA:9,2
DA:11,1
DA:12,3
DA:13,1
DA:16,3
DA:19,1
DA:20,2
DA:21,2
DA:23,2
DA:25,2
DA:27,2
DA:29,2
DA:31,1
DA:33,1
LF:18
LH:18
BRF:0
BRH:0
end_of_record
TN:
SF:src/modules/appointments/services/CreateAppointmentService.ts
FN:15,(anonymous_18)
FN:16,CreateAppointmentService
FN:21,(anonymous_20)
FNF:3
FNH:3
FNDA:1,(anonymous_18)
FNDA:2,CreateAppointmentService
FNDA:3,(anonymous_20)
DA:1,1
DA:2,1
DA:6,1
DA:15,1
DA:18,2
DA:21,3
DA:22,3
DA:24,3
DA:28,3
DA:29,1
DA:32,2
DA:37,2
DA:39,1
DA:41,1
LF:14
LH:14
BRDA:28,0,0,1
BRDA:28,0,1,2
BRF:2
BRH:2
end_of_record
TN:
SF:src/modules/users/infra/typeorm/entities/User.ts
FN:10,(anonymous_2)
FNF:1
FNH:1
FNDA:10,(anonymous_2)
DA:1,4
DA:10,4
DA:12,4
DA:15,4
DA:18,4
DA:21,4
DA:24,4
DA:27,4
DA:30,4
DA:31,4
DA:33,4
LF:11
LH:11
BRF:0
BRH:0
end_of_record
TN:
SF:src/modules/users/providers/HashProvider/fakes/FakeHashProvider.ts
FN:3,(anonymous_13)
FN:4,(anonymous_15)
FN:8,(anonymous_18)
FNF:3
FNH:3
FNDA:7,(anonymous_13)
FNDA:4,(anonymous_15)
FNDA:2,(anonymous_18)
DA:3,2
DA:4,2
DA:5,4
DA:8,2
DA:9,2
DA:11,2
DA:13,2
LF:7
LH:7
BRF:0
BRH:0
end_of_record
TN:
SF:src/modules/users/repositories/fakes/FakeUsersRepository.ts
FN:7,(anonymous_14)
FN:10,(anonymous_16)
FN:11,(anonymous_19)
FN:15,(anonymous_20)
FN:16,(anonymous_23)
FN:20,(anonymous_24)
FN:34,(anonymous_27)
FN:35,(anonymous_30)
FNF:8
FNH:8
FNDA:11,(anonymous_14)
FNDA:4,(anonymous_16)
FNDA:3,(anonymous_19)
FNDA:8,(anonymous_20)
FNDA:3,(anonymous_23)
FNDA:6,(anonymous_24)
FNDA:3,(anonymous_27)
FNDA:3,(anonymous_30)
DA:1,3
DA:4,3
DA:7,3
DA:8,8
DA:10,3
DA:11,4
DA:12,4
DA:15,3
DA:16,8
DA:17,8
DA:20,3
DA:21,6
DA:22,6
DA:23,6
DA:25,6
DA:27,6
DA:29,6
DA:31,6
DA:34,3
DA:35,3
DA:37,3
DA:39,3
DA:41,3
DA:43,3
LF:24
LH:24
BRF:0
BRH:0
end_of_record
TN:
SF:src/modules/users/services/AuthenticateUserService.ts
FN:22,(anonymous_18)
FN:23,AuthenticateUserService
FN:30,(anonymous_20)
FNF:3
FNH:3
FNDA:1,(anonymous_18)
FNDA:3,AuthenticateUserService
FNDA:3,(anonymous_20)
DA:1,1
DA:2,1
DA:4,1
DA:5,1
DA:22,1
DA:25,3
DA:27,3
DA:30,3
DA:31,3
DA:33,3
DA:34,1
DA:37,2
DA:42,2
DA:43,1
DA:46,1
DA:48,1
DA:53,1
DA:58,1
DA:60,1
LF:19
LH:19
BRDA:31,0,0,3
BRDA:33,1,0,1
BRDA:33,1,1,2
BRDA:42,2,0,1
BRDA:42,2,1,1
BRF:5
BRH:5
end_of_record
TN:
SF:src/modules/users/services/CreateUserService.ts
FN:16,(anonymous_18)
FN:17,CreateUserService
FN:24,(anonymous_20)
FNF:3
FNH:3
FNDA:2,(anonymous_18)
FNDA:4,CreateUserService
FNDA:5,(anonymous_20)
DA:1,2
DA:4,2
DA:16,2
DA:19,4
DA:21,4
DA:24,5
DA:25,5
DA:27,5
DA:28,1
DA:31,4
DA:33,4
DA:39,4
DA:41,2
DA:43,2
LF:14
LH:14
BRDA:25,0,0,5
BRDA:27,1,0,1
BRDA:27,1,1,4
BRF:3
BRH:3
end_of_record
TN:
SF:src/modules/users/services/UpdateUserAvatarService.ts
FN:15,(anonymous_18)
FN:16,UpdateUserAvatarService
FN:24,(anonymous_20)
FNF:3
FNH:3
FNDA:1,(anonymous_18)
FNDA:3,UpdateUserAvatarService
FNDA:4,(anonymous_20)
DA:1,1
DA:5,1
DA:15,1
DA:18,3
DA:21,3
DA:24,4
DA:25,4
DA:27,4
DA:28,1
DA:31,5
DA:32,2
DA:35,3
DA:37,3
DA:39,6
DA:41,3
DA:43,1
DA:45,1
LF:17
LH:17
BRDA:25,0,0,4
BRDA:25,0,1,3
BRDA:27,1,0,1
BRDA:27,1,1,3
BRDA:31,2,0,2
BRDA:31,2,1,1
BRF:6
BRH:6
end_of_record
TN:
SF:src/shared/container/providers/StorageProvider/fakes/FakeStorageProvider.ts
FN:3,(anonymous_13)
FN:6,(anonymous_15)
FN:11,(anonymous_18)
FN:13,(anonymous_21)
FNF:4
FNH:4
FNDA:4,(anonymous_13)
FNDA:3,(anonymous_15)
FNDA:1,(anonymous_18)
FNDA:1,(anonymous_21)
DA:3,1
DA:4,3
DA:6,1
DA:7,3
DA:8,3
DA:11,1
DA:12,1
DA:13,1
DA:16,1
DA:18,1
DA:20,1
LF:11
LH:11
BRF:0
BRH:0
end_of_record
TN:
SF:src/shared/errors/AppError.ts
FN:1,(anonymous_0)
FN:6,Error
FNF:2
FNH:2
FNDA:4,(anonymous_0)
FNDA:5,Error
DA:1,4
DA:6,7
DA:7,5
DA:8,5
DA:10,4
DA:12,4
LF:6
LH:6
BRDA:6,0,0,2
BRDA:6,0,1,3
BRF:2
BRH:2
end_of_record
